Pathlib Codemod Change Log
==================================================

src/download/harvester.py
-------------------------
  os.makedirs() → Path().mkdir()
  os.path.join() → Path / operator

src/embeddings_sparse/bm25.py
-----------------------------
  os.makedirs() → Path().mkdir()
  os.path.join() → Path / operator
  os.path.join() → Path / operator
  os.makedirs() → Path().mkdir()

src/embeddings_sparse/splade.py
-------------------------------
  os.makedirs() → Path().mkdir()
  os.path.join() → Path / operator
  os.path.join() → Path / operator

src/orchestration/cli.py
------------------------
  os.makedirs() → Path().mkdir()
  os.path.dirname() → Path().parent
  os.makedirs() → Path().mkdir()

src/search_api/app.py
---------------------
  os.path.dirname() → Path().parent
  os.path.join() → Path / operator
  os.path.join() → Path / operator
  os.path.exists() → Path().exists()
  os.path.exists() → Path().exists()

src/vectorstore_faiss/gpu.py
----------------------------
  os.path.exists() → Path().exists()

