Blind Except Codemod Change Log
==================================================

src/embeddings_sparse/bm25.py
-----------------------------
  except Exception: → TODO + logging scaffold
  except Exception: → TODO + logging scaffold

src/embeddings_sparse/splade.py
-------------------------------
  except Exception: → TODO + logging scaffold
  except Exception: → TODO + logging scaffold

src/orchestration/cli.py
------------------------
  except Exception: → TODO + logging scaffold

src/search_api/app.py
---------------------
  except Exception: → TODO + logging scaffold
  except Exception: → TODO + logging scaffold
  except Exception: → TODO + logging scaffold
  except Exception: → TODO + logging scaffold
  except Exception: → TODO + logging scaffold

src/search_api/faiss_adapter.py
-------------------------------
  except Exception: → TODO + logging scaffold
  except Exception: → TODO + logging scaffold
  except Exception: → TODO + logging scaffold
  except Exception: → TODO + logging scaffold

src/vectorstore_faiss/gpu.py
----------------------------
  except Exception: → TODO + logging scaffold
  except Exception: → TODO + logging scaffold
  except Exception: → TODO + logging scaffold
  except Exception: → TODO + logging scaffold

