/home/paul/kgfoundry/src/docling/canonicalizer.py
/home/paul/kgfoundry/src/download/harvester.py
/home/paul/kgfoundry/src/embeddings_dense/base.py
/home/paul/kgfoundry/src/embeddings_sparse/base.py
/home/paul/kgfoundry/src/embeddings_sparse/bm25.py
/home/paul/kgfoundry/src/embeddings_sparse/splade.py
/home/paul/kgfoundry/src/kg_builder/mock_kg.py
/home/paul/kgfoundry/src/kgfoundry_common/config.py
/home/paul/kgfoundry/src/kgfoundry_common/ids.py
/home/paul/kgfoundry/src/kgfoundry_common/logging.py
/home/paul/kgfoundry/src/kgfoundry_common/parquet_io.py
/home/paul/kgfoundry/src/linking/calibration.py
/home/paul/kgfoundry/src/observability/metrics.py
/home/paul/kgfoundry/src/ontology/catalog.py
/home/paul/kgfoundry/src/registry/api.py
/home/paul/kgfoundry/src/registry/duckdb_registry.py
/home/paul/kgfoundry/src/registry/helper.py
/home/paul/kgfoundry/src/search_api/app.py
/home/paul/kgfoundry/src/search_api/bm25_index.py
/home/paul/kgfoundry/src/search_api/faiss_adapter.py
/home/paul/kgfoundry/src/search_api/fixture_index.py
/home/paul/kgfoundry/src/search_api/fusion.py
/home/paul/kgfoundry/src/search_api/kg_mock.py
/home/paul/kgfoundry/src/search_api/service.py
/home/paul/kgfoundry/src/search_api/splade_index.py
/home/paul/kgfoundry/src/search_client/client.py
/home/paul/kgfoundry/src/vectorstore_faiss/gpu.py
